[debug] [2025-12-24T16:27:47.034Z] ----------------------------------------------------------------------
[debug] [2025-12-24T16:27:47.039Z] Command:       C:\Program Files\nodejs\node.exe C:\Users\detra\AppData\Roaming\npm\node_modules\firebase-tools\lib\bin\firebase.js deploy
[debug] [2025-12-24T16:27:47.040Z] CLI Version:   15.1.0
[debug] [2025-12-24T16:27:47.040Z] Platform:      win32
[debug] [2025-12-24T16:27:47.040Z] Node Version:  v24.11.1
[debug] [2025-12-24T16:27:47.041Z] Time:          Wed Dec 24 2025 21:27:47 GMT+0500 (Казахстан)
[debug] [2025-12-24T16:27:47.041Z] ----------------------------------------------------------------------
[debug] 
[debug] [2025-12-24T16:27:52.572Z] > command requires scopes: ["email","openid","https://www.googleapis.com/auth/cloudplatformprojects.readonly","https://www.googleapis.com/auth/firebase","https://www.googleapis.com/auth/cloud-platform"]
[debug] [2025-12-24T16:27:52.573Z] > authorizing via signed-in user (detrayer15@gmail.com)
[debug] [2025-12-24T16:27:52.573Z] [iam] checking project eliteheat-platform for permissions ["firebase.projects.get","firebasehosting.sites.update"]
[debug] [2025-12-24T16:27:52.575Z] Checked if tokens are valid: true, expires at: 1766597204411
[debug] [2025-12-24T16:27:52.576Z] Checked if tokens are valid: true, expires at: 1766597204411
[debug] [2025-12-24T16:27:52.578Z] >>> [apiv2][query] POST https://cloudresourcemanager.googleapis.com/v1/projects/eliteheat-platform:testIamPermissions [none]
[debug] [2025-12-24T16:27:52.578Z] >>> [apiv2][(partial)header] POST https://cloudresourcemanager.googleapis.com/v1/projects/eliteheat-platform:testIamPermissions x-goog-quota-user=projects/eliteheat-platform
[debug] [2025-12-24T16:27:52.578Z] >>> [apiv2][body] POST https://cloudresourcemanager.googleapis.com/v1/projects/eliteheat-platform:testIamPermissions {"permissions":["firebase.projects.get","firebasehosting.sites.update"]}
[debug] [2025-12-24T16:27:53.715Z] <<< [apiv2][status] POST https://cloudresourcemanager.googleapis.com/v1/projects/eliteheat-platform:testIamPermissions 200
[debug] [2025-12-24T16:27:53.715Z] <<< [apiv2][body] POST https://cloudresourcemanager.googleapis.com/v1/projects/eliteheat-platform:testIamPermissions {}
[debug] [2025-12-24T16:27:53.716Z] [iam] error while checking permissions, command may fail: Authorization failed. This account is missing the following required permissions on project eliteheat-platform:

  firebase.projects.get
  firebasehosting.sites.update
[debug] [2025-12-24T16:27:53.716Z] Checked if tokens are valid: true, expires at: 1766597204411
[debug] [2025-12-24T16:27:53.717Z] Checked if tokens are valid: true, expires at: 1766597204411
[debug] [2025-12-24T16:27:53.717Z] >>> [apiv2][query] GET https://firebase.googleapis.com/v1beta1/projects/eliteheat-platform [none]
[debug] [2025-12-24T16:27:54.621Z] <<< [apiv2][status] GET https://firebase.googleapis.com/v1beta1/projects/eliteheat-platform 403
[debug] [2025-12-24T16:27:54.621Z] <<< [apiv2][body] GET https://firebase.googleapis.com/v1beta1/projects/eliteheat-platform {"error":{"code":403,"message":"The caller does not have permission","status":"PERMISSION_DENIED"}}
[debug] [2025-12-24T16:27:54.622Z] Request to https://firebase.googleapis.com/v1beta1/projects/eliteheat-platform had HTTP Error: 403, The caller does not have permission
[debug] [2025-12-24T16:27:54.814Z] FirebaseError: Request to https://firebase.googleapis.com/v1beta1/projects/eliteheat-platform had HTTP Error: 403, The caller does not have permission
    at responseToError (C:\Users\detra\AppData\Roaming\npm\node_modules\firebase-tools\lib\responseToError.js:53:12)
    at RetryOperation._fn (C:\Users\detra\AppData\Roaming\npm\node_modules\firebase-tools\lib\apiv2.js:322:77)
    at process.processTicksAndRejections (node:internal/process/task_queues:103:5)
[error] 
[error] Error: Failed to get Firebase project eliteheat-platform. Please make sure the project exists and your account has permission to access it.
